# JRE version: OpenJDK Runtime Environment Temurin-21.0.9+10 (21.0.9+10) (build 21.0.9+10-LTS)
# Java VM: OpenJDK 64-Bit Server VM Temurin-21.0.9+10 (21.0.9+10-LTS, mixed mode, sharing, tiered, compressed oops, compressed class ptrs, g1 gc, windows-amd64)
GC Precious Log:
 CardTable entry size: 512
 Card Set container configuration: InlinePtr #cards 4 size 8 Array Of Cards #cards 32 size 80 Howl #buckets 8 coarsen threshold 7372 Howl Bitmap #cards 1024 size 144 coarsen threshold 921 Card regions per heap region 1 cards per card region 8192
 CPUs: 16 total, 16 available
 Memory: 7876M
 Large Page Support: Disabled
 NUMA Support: Disabled
 Compressed Oops: Enabled (Zero based)
 Heap Region Size: 4M
 Heap Min Capacity: 8M
 Heap Initial Capacity: 124M
 Heap Max Capacity: 8G
 Pre-touch: Disabled
 Parallel Workers: 13
 Concurrent Workers: 3
 Concurrent Refinement Workers: 13
 Periodic GC: Disabled
Heap:
 garbage-first heap   total 159744K, used 96024K [0x0000000600000000, 0x0000000800000000)
  region size 4096K, 1 young (4096K), 1 survivors (4096K)
 Metaspace       used 82600K, committed 84736K, reserved 1179648K
  class space    used 12085K, committed 13120K, reserved 1048576K
GC Heap History (20 events):
Event: 10.496 GC heap after
{Heap after GC invocations=19 (full 0):
 garbage-first heap   total 131072K, used 58623K [0x0000000600000000, 0x0000000800000000)
  region size 4096K, 1 young (4096K), 1 survivors (4096K)
 Metaspace       used 65645K, committed 67712K, reserved 1114112K
  class space    used 9506K, committed 10560K, reserved 1048576K
}
Event: 10.726 GC heap before
{Heap before GC invocations=19 (full 0):
 garbage-first heap   total 131072K, used 83199K [0x0000000600000000, 0x0000000800000000)
  region size 4096K, 8 young (32768K), 1 survivors (4096K)
 Metaspace       used 67630K, committed 69696K, reserved 1114112K
  class space    used 9762K, committed 10816K, reserved 1048576K
}
Event: 10.728 GC heap after
{Heap after GC invocations=20 (full 0):
 garbage-first heap   total 131072K, used 60026K [0x0000000600000000, 0x0000000800000000)
  region size 4096K, 1 young (4096K), 1 survivors (4096K)
 Metaspace       used 67630K, committed 69696K, reserved 1114112K
  class space    used 9762K, committed 10816K, reserved 1048576K
}
Event: 11.149 GC heap before
{Heap before GC invocations=20 (full 0):
 garbage-first heap   total 131072K, used 105082K [0x0000000600000000, 0x0000000800000000)
  region size 4096K, 12 young (49152K), 1 survivors (4096K)
 Metaspace       used 70442K, committed 72512K, reserved 1114112K
  class space    used 10176K, committed 11200K, reserved 1048576K
}
Event: 11.151 GC heap after
{Heap after GC invocations=21 (full 0):
 garbage-first heap   total 131072K, used 65868K [0x0000000600000000, 0x0000000800000000)
  region size 4096K, 2 young (8192K), 2 survivors (8192K)
 Metaspace       used 70442K, committed 72512K, reserved 1114112K
  class space    used 10176K, committed 11200K, reserved 1048576K
}
Event: 11.598 GC heap before
{Heap before GC invocations=21 (full 0):
 garbage-first heap   total 131072K, used 102732K [0x0000000600000000, 0x0000000800000000)
  region size 4096K, 12 young (49152K), 2 survivors (8192K)
 Metaspace       used 72658K, committed 74752K, reserved 1114112K
  class space    used 10485K, committed 11520K, reserved 1048576K
}
Event: 11.602 GC heap after
{Heap after GC invocations=22 (full 0):
 garbage-first heap   total 131072K, used 70479K [0x0000000600000000, 0x0000000800000000)
  region size 4096K, 2 young (8192K), 2 survivors (8192K)
 Metaspace       used 72658K, committed 74752K, reserved 1114112K
  class space    used 10485K, committed 11520K, reserved 1048576K
}
Event: 12.137 GC heap before
{Heap before GC invocations=23 (full 0):
 garbage-first heap   total 131072K, used 103247K [0x0000000600000000, 0x0000000800000000)
  region size 4096K, 11 young (45056K), 2 survivors (8192K)
 Metaspace       used 75914K, committed 78080K, reserved 1179648K
  class space    used 11056K, committed 12096K, reserved 1048576K
}
Event: 12.142 GC heap after
{Heap after GC invocations=24 (full 0):
 garbage-first heap   total 131072K, used 73052K [0x0000000600000000, 0x0000000800000000)
  region size 4096K, 1 young (4096K), 1 survivors (4096K)
 Metaspace       used 75914K, committed 78080K, reserved 1179648K
  class space    used 11056K, committed 12096K, reserved 1048576K
}
Event: 13.177 GC heap before
{Heap before GC invocations=24 (full 0):
 garbage-first heap   total 131072K, used 105820K [0x0000000600000000, 0x0000000800000000)
  region size 4096K, 10 young (40960K), 1 survivors (4096K)
 Metaspace       used 77356K, committed 79552K, reserved 1179648K
  class space    used 11219K, committed 12288K, reserved 1048576K
}
Event: 13.181 GC heap after
{Heap after GC invocations=25 (full 0):
 garbage-first heap   total 131072K, used 76255K [0x0000000600000000, 0x0000000800000000)
  region size 4096K, 2 young (8192K), 2 survivors (8192K)
 Metaspace       used 77356K, committed 79552K, reserved 1179648K
  class space    used 11219K, committed 12288K, reserved 1048576K
}
Event: 13.440 GC heap before
{Heap before GC invocations=25 (full 0):
 garbage-first heap   total 131072K, used 113119K [0x0000000600000000, 0x0000000800000000)
  region size 4096K, 11 young (45056K), 2 survivors (8192K)
 Metaspace       used 77613K, committed 79808K, reserved 1179648K
  class space    used 11231K, committed 12288K, reserved 1048576K
}
Event: 13.444 GC heap after
{Heap after GC invocations=26 (full 0):
 garbage-first heap   total 131072K, used 79490K [0x0000000600000000, 0x0000000800000000)
  region size 4096K, 2 young (8192K), 2 survivors (8192K)
 Metaspace       used 77613K, committed 79808K, reserved 1179648K
  class space    used 11231K, committed 12288K, reserved 1048576K
}
Event: 13.587 GC heap before
{Heap before GC invocations=27 (full 0):
 garbage-first heap   total 139264K, used 108162K [0x0000000600000000, 0x0000000800000000)
  region size 4096K, 10 young (40960K), 2 survivors (8192K)
 Metaspace       used 77621K, committed 79808K, reserved 1179648K
  class space    used 11232K, committed 12288K, reserved 1048576K
}
Event: 13.590 GC heap after
{Heap after GC invocations=28 (full 0):
 garbage-first heap   total 139264K, used 80540K [0x0000000600000000, 0x0000000800000000)
  region size 4096K, 2 young (8192K), 2 survivors (8192K)
 Metaspace       used 77621K, committed 79808K, reserved 1179648K
  class space    used 11232K, committed 12288K, reserved 1048576K
}
Event: 13.795 GC heap before
{Heap before GC invocations=28 (full 0):
 garbage-first heap   total 139264K, used 121500K [0x0000000600000000, 0x0000000800000000)
  region size 4096K, 12 young (49152K), 2 survivors (8192K)
 Metaspace       used 77628K, committed 79808K, reserved 1179648K
  class space    used 11233K, committed 12288K, reserved 1048576K
}
Event: 13.799 GC heap after
{Heap after GC invocations=29 (full 0):
 garbage-first heap   total 139264K, used 80919K [0x0000000600000000, 0x0000000800000000)
  region size 4096K, 2 young (8192K), 2 survivors (8192K)
 Metaspace       used 77628K, committed 79808K, reserved 1179648K
  class space    used 11233K, committed 12288K, reserved 1048576K
}
Event: 14.227 GC heap before
{Heap before GC invocations=29 (full 0):
 garbage-first heap   total 139264K, used 117783K [0x0000000600000000, 0x0000000800000000)
  region size 4096K, 12 young (49152K), 2 survivors (8192K)
 Metaspace       used 78348K, committed 80576K, reserved 1179648K
  class space    used 11322K, committed 12416K, reserved 1048576K
}
Event: 14.231 GC heap after
{Heap after GC invocations=30 (full 0):
 garbage-first heap   total 143360K, used 91379K [0x0000000600000000, 0x0000000800000000)
  region size 4096K, 2 young (8192K), 2 survivors (8192K)
 Metaspace       used 78348K, committed 80576K, reserved 1179648K
  class space    used 11322K, committed 12416K, reserved 1048576K
}
Event: 14.669 GC heap before
{Heap before GC invocations=31 (full 0):
 garbage-first heap   total 159744K, used 132339K [0x0000000600000000, 0x0000000800000000)
  region size 4096K, 10 young (40960K), 2 survivors (8192K)
 Metaspace       used 82600K, committed 84736K, reserved 1179648K
  class space    used 12085K, committed 13120K, reserved 1048576K
}

